0 info it worked if it ends with ok
1 verbose cli [ '/Users/vi/.nvm/versions/node/v6.17.0/bin/node',
1 verbose cli   '/Users/vi/.nvm/versions/node/v6.17.0/bin/npm',
1 verbose cli   'start' ]
2 info using npm@3.10.10
3 info using node@v6.17.0
4 verbose run-script [ 'prestart', 'start', 'poststart' ]
5 info lifecycle pizza-time@0.1.0~prestart: pizza-time@0.1.0
6 silly lifecycle pizza-time@0.1.0~prestart: no script for prestart, continuing
7 info lifecycle pizza-time@0.1.0~start: pizza-time@0.1.0
8 verbose lifecycle pizza-time@0.1.0~start: unsafe-perm in lifecycle true
9 verbose lifecycle pizza-time@0.1.0~start: PATH: /Users/vi/.nvm/versions/node/v6.17.0/lib/node_modules/npm/bin/node-gyp-bin:/Users/vi/src/github.com/scootyboots/pizza-time/node_modules/.bin:/Users/vi/google-cloud-sdk/bin:/Users/vi/.nvm/versions/node/v6.17.0/bin:/usr/local/bin:/usr/bin:/bin:/usr/sbin:/sbin:/Users/vi/google-cloud-sdk/bin:/Users/vi/.nvm/versions/node/v6.17.0/bin:/Users/vi/bin:/Users/vi/.rvm/gems/ruby-2.6.3/bin:/usr/local/opt/ruby/bin:/usr/local/sbin:/Users/vi/.local/bin:/usr/local/opt/python@2/libexec/bin:/usr/local/opt/gettext/bin:/usr/local/mysql/bin:/Applications/Postgres.app/Contents/Versions/latest/bin:/usr/local/php5/bin:/Users/vi/.cargo/bin:/Users/vi/.gem/ruby/2.0.0/bin:/usr/local/lib:/Users/vi/.rvm/bin:/Users/vi/bin:/bin:/sbin:/usr/bin:/Users/vi/.rvm/gems/ruby-2.6.3/bin:/usr/local/opt/ruby/bin:/usr/local/bin:/usr/local/sbin:/Users/vi/bin:/Users/vi/.local/bin:/usr/local/opt/python@2/libexec/bin:/usr/local/opt/gettext/bin:/usr/local/mysql/bin:/Applications/Postgres.app/Contents/Versions/latest/bin:/usr/local/php5/bin:/Users/vi/.cargo/bin:/Users/vi/.gem/ruby/2.0.0/bin:/usr/local/lib:/Users/vi/.rvm/bin
10 verbose lifecycle pizza-time@0.1.0~start: CWD: /Users/vi/src/github.com/scootyboots/pizza-time
11 silly lifecycle pizza-time@0.1.0~start: Args: [ '-c', 'react-scripts start' ]
12 silly lifecycle pizza-time@0.1.0~start: Returned: code: 1  signal: null
13 info lifecycle pizza-time@0.1.0~start: Failed to exec start script
14 verbose stack Error: pizza-time@0.1.0 start: `react-scripts start`
14 verbose stack Exit status 1
14 verbose stack     at EventEmitter.<anonymous> (/Users/vi/.nvm/versions/node/v6.17.0/lib/node_modules/npm/lib/utils/lifecycle.js:255:16)
14 verbose stack     at emitTwo (events.js:106:13)
14 verbose stack     at EventEmitter.emit (events.js:191:7)
14 verbose stack     at ChildProcess.<anonymous> (/Users/vi/.nvm/versions/node/v6.17.0/lib/node_modules/npm/lib/utils/spawn.js:40:14)
14 verbose stack     at emitTwo (events.js:106:13)
14 verbose stack     at ChildProcess.emit (events.js:191:7)
14 verbose stack     at maybeClose (internal/child_process.js:920:16)
14 verbose stack     at Process.ChildProcess._handle.onexit (internal/child_process.js:230:5)
15 verbose pkgid pizza-time@0.1.0
16 verbose cwd /Users/vi/src/github.com/scootyboots/pizza-time
17 error Darwin 18.7.0
18 error argv "/Users/vi/.nvm/versions/node/v6.17.0/bin/node" "/Users/vi/.nvm/versions/node/v6.17.0/bin/npm" "start"
19 error node v6.17.0
20 error npm  v3.10.10
21 error code ELIFECYCLE
22 error pizza-time@0.1.0 start: `react-scripts start`
22 error Exit status 1
23 error Failed at the pizza-time@0.1.0 start script 'react-scripts start'.
23 error Make sure you have the latest version of node.js and npm installed.
23 error If you do, this is most likely a problem with the pizza-time package,
23 error not with npm itself.
23 error Tell the author that this fails on your system:
23 error     react-scripts start
23 error You can get information on how to open an issue for this project with:
23 error     npm bugs pizza-time
23 error Or if that isn't available, you can get their info via:
23 error     npm owner ls pizza-time
23 error There is likely additional logging output above.
24 verbose exit [ 1, true ]
